<?xml version="1.0" encoding="UTF-8"?>
<!-- Generated by org.testng.reporters.JUnitXMLReporter -->
<testsuite ignored="0" hostname="DESKTOP-GQOJ9CP" failures="1" tests="1" name="Test" time="5.766" errors="0" timestamp="2024-09-20T17:17:45 IST">
  <testcase classname="testCases.FitpeoTest" name="TestFotpeo" time="2.123">
    <failure type="org.openqa.selenium.ElementClickInterceptedException" message="element click intercepted: Element &amp;lt;li class=&amp;quot;_3D0G9a&amp;quot;&amp;gt;...&amp;lt;/li&amp;gt; is not clickable at point (472, 329). Other element would receive the click: &amp;lt;a href=&amp;quot;/furniture-india-ka-furniture-livingroom-store?fm=neo%2Fmerchandising&amp;amp;amp;iid=M_d25b8a08-58f5-4c6e-a4b7-28725d911e11_1_372UD5BXDFYS_MC.4MQHUMDYWFBZ&amp;amp;amp;otracker=hp_rich_navigation_3_1.navigationCard.RICH_NAVIGATION_Home%2B%26%2BFurniture~Living%2BRoom%2BFurniture_4MQHUMDYWFBZ&amp;amp;amp;otracker1=hp_rich_navigation_PINNED_neo%2Fmerchandising_NA_NAV_EXPANDABLE_navigationCard_cc_3_L1_view-all&amp;amp;amp;cid=4MQHUMDYWFBZ&amp;quot; class=&amp;quot;_1BJVlg&amp;quot;&amp;gt;...&amp;lt;/a&amp;gt;
  (Session info: chrome=128.0.6613.138)
Build info: version: &amp;apos;4.24.0&amp;apos;, revision: &amp;apos;748ffc9bc3&amp;apos;
System info: os.name: &amp;apos;Windows 11&amp;apos;, os.arch: &amp;apos;amd64&amp;apos;, os.version: &amp;apos;10.0&amp;apos;, java.version: &amp;apos;21.0.4&amp;apos;
Driver info: org.openqa.selenium.chrome.ChromeDriver
Command: [0d56ad0f7433427c5c3292308fdca8ce, clickElement {id=f.13E6C2C5DC8C067B650C515C5935990F.d.E01A75878B3D803EC1B6F49C8E480821.e.160}]
Capabilities {acceptInsecureCerts: false, browserName: chrome, browserVersion: 128.0.6613.138, chrome: {chromedriverVersion: 128.0.6613.137 (fe621c5aa2d..., userDataDir: C:\Users\tibud\AppData\Loca...}, fedcm:accounts: true, goog:chromeOptions: {debuggerAddress: localhost:58919}, networkConnectionEnabled: false, pageLoadStrategy: normal, platformName: windows, proxy: Proxy(), se:cdp: ws://localhost:58919/devtoo..., se:cdpVersion: 128.0.6613.138, setWindowRect: true, strictFileInteractability: false, timeouts: {implicit: 0, pageLoad: 300000, script: 30000}, unhandledPromptBehavior: dismiss and notify, webauthn:extension:credBlob: true, webauthn:extension:largeBlob: true, webauthn:extension:minPinLength: true, webauthn:extension:prf: true, webauthn:virtualAuthenticators: true}
Element: [[ChromeDriver: chrome on windows (0d56ad0f7433427c5c3292308fdca8ce)] -&amp;gt; xpath: //li[@class=&amp;apos;_3D0G9a&amp;apos;]]
Session ID: 0d56ad0f7433427c5c3292308fdca8ce">
      <![CDATA[org.openqa.selenium.ElementClickInterceptedException: element click intercepted: Element <li class="_3D0G9a">...</li> is not clickable at point (472, 329). Other element would receive the click: <a href="/furniture-india-ka-furniture-livingroom-store?fm=neo%2Fmerchandising&amp;iid=M_d25b8a08-58f5-4c6e-a4b7-28725d911e11_1_372UD5BXDFYS_MC.4MQHUMDYWFBZ&amp;otracker=hp_rich_navigation_3_1.navigationCard.RICH_NAVIGATION_Home%2B%26%2BFurniture~Living%2BRoom%2BFurniture_4MQHUMDYWFBZ&amp;otracker1=hp_rich_navigation_PINNED_neo%2Fmerchandising_NA_NAV_EXPANDABLE_navigationCard_cc_3_L1_view-all&amp;cid=4MQHUMDYWFBZ" class="_1BJVlg">...</a>
  (Session info: chrome=128.0.6613.138)
Build info: version: '4.24.0', revision: '748ffc9bc3'
System info: os.name: 'Windows 11', os.arch: 'amd64', os.version: '10.0', java.version: '21.0.4'
Driver info: org.openqa.selenium.chrome.ChromeDriver
Command: [0d56ad0f7433427c5c3292308fdca8ce, clickElement {id=f.13E6C2C5DC8C067B650C515C5935990F.d.E01A75878B3D803EC1B6F49C8E480821.e.160}]
Capabilities {acceptInsecureCerts: false, browserName: chrome, browserVersion: 128.0.6613.138, chrome: {chromedriverVersion: 128.0.6613.137 (fe621c5aa2d..., userDataDir: C:\Users\tibud\AppData\Loca...}, fedcm:accounts: true, goog:chromeOptions: {debuggerAddress: localhost:58919}, networkConnectionEnabled: false, pageLoadStrategy: normal, platformName: windows, proxy: Proxy(), se:cdp: ws://localhost:58919/devtoo..., se:cdpVersion: 128.0.6613.138, setWindowRect: true, strictFileInteractability: false, timeouts: {implicit: 0, pageLoad: 300000, script: 30000}, unhandledPromptBehavior: dismiss and notify, webauthn:extension:credBlob: true, webauthn:extension:largeBlob: true, webauthn:extension:minPinLength: true, webauthn:extension:prf: true, webauthn:virtualAuthenticators: true}
Element: [[ChromeDriver: chrome on windows (0d56ad0f7433427c5c3292308fdca8ce)] -> xpath: //li[@class='_3D0G9a']]
Session ID: 0d56ad0f7433427c5c3292308fdca8ce
at org.openqa.selenium.remote.ErrorCodec.decode(ErrorCodec.java:167)
at org.openqa.selenium.remote.codec.w3c.W3CHttpResponseCodec.decode(W3CHttpResponseCodec.java:138)
at org.openqa.selenium.remote.codec.w3c.W3CHttpResponseCodec.decode(W3CHttpResponseCodec.java:50)
at org.openqa.selenium.remote.HttpCommandExecutor.execute(HttpCommandExecutor.java:190)
at org.openqa.selenium.remote.service.DriverCommandExecutor.invokeExecute(DriverCommandExecutor.java:216)
at org.openqa.selenium.remote.service.DriverCommandExecutor.execute(DriverCommandExecutor.java:174)
at org.openqa.selenium.remote.RemoteWebDriver.execute(RemoteWebDriver.java:545)
at org.openqa.selenium.remote.RemoteWebElement.execute(RemoteWebElement.java:223)
at org.openqa.selenium.remote.RemoteWebElement.click(RemoteWebElement.java:76)
at pageObjects.HomePage.autoSuggestionDropdown(HomePage.java:42)
at testCases.FitpeoTest.TestFotpeo(FitpeoTest.java:19)
at java.base/java.util.ArrayList.forEach(ArrayList.java:1596)
... Removed 28 stack frames]]>
    </failure>
  </testcase> <!-- TestFotpeo -->
</testsuite> <!-- Test -->
