<?xml version="1.0" encoding="UTF-8"?>
<testng-results ignored="0" total="1" passed="0" failed="1" skipped="0">
  <reporter-output>
  </reporter-output>
  <suite started-at="2024-09-20T17:17:38 IST" name="Suite" finished-at="2024-09-20T17:17:44 IST" duration-ms="5766">
    <groups>
    </groups>
    <test started-at="2024-09-20T17:17:38 IST" name="Test" finished-at="2024-09-20T17:17:44 IST" duration-ms="5766">
      <class name="testCases.FitpeoTest">
        <test-method is-config="true" signature="setUp(java.lang.String,java.lang.String)[pri:0, instance:testCases.FitpeoTest@27d4a09]" started-at="2024-09-20T17:17:38 IST" name="setUp" finished-at="2024-09-20T17:17:41 IST" duration-ms="3192" status="PASS">
          <params>
            <param index="0">
              <value>
                <![CDATA[Windows]]>
              </value>
            </param>
            <param index="1">
              <value>
                <![CDATA[chrome]]>
              </value>
            </param>
          </params>
          <reporter-output>
          </reporter-output>
        </test-method> <!-- setUp -->
        <test-method signature="TestFotpeo()[pri:0, instance:testCases.FitpeoTest@27d4a09]" started-at="2024-09-20T17:17:41 IST" name="TestFotpeo" finished-at="2024-09-20T17:17:44 IST" duration-ms="2123" status="FAIL">
          <exception class="org.openqa.selenium.ElementClickInterceptedException">
            <message>
              <![CDATA[element click intercepted: Element <li class="_3D0G9a">...</li> is not clickable at point (472, 329). Other element would receive the click: <a href="/furniture-india-ka-furniture-livingroom-store?fm=neo%2Fmerchandising&amp;iid=M_d25b8a08-58f5-4c6e-a4b7-28725d911e11_1_372UD5BXDFYS_MC.4MQHUMDYWFBZ&amp;otracker=hp_rich_navigation_3_1.navigationCard.RICH_NAVIGATION_Home%2B%26%2BFurniture~Living%2BRoom%2BFurniture_4MQHUMDYWFBZ&amp;otracker1=hp_rich_navigation_PINNED_neo%2Fmerchandising_NA_NAV_EXPANDABLE_navigationCard_cc_3_L1_view-all&amp;cid=4MQHUMDYWFBZ" class="_1BJVlg">...</a>
  (Session info: chrome=128.0.6613.138)
Build info: version: '4.24.0', revision: '748ffc9bc3'
System info: os.name: 'Windows 11', os.arch: 'amd64', os.version: '10.0', java.version: '21.0.4'
Driver info: org.openqa.selenium.chrome.ChromeDriver
Command: [0d56ad0f7433427c5c3292308fdca8ce, clickElement {id=f.13E6C2C5DC8C067B650C515C5935990F.d.E01A75878B3D803EC1B6F49C8E480821.e.160}]
Capabilities {acceptInsecureCerts: false, browserName: chrome, browserVersion: 128.0.6613.138, chrome: {chromedriverVersion: 128.0.6613.137 (fe621c5aa2d..., userDataDir: C:\Users\tibud\AppData\Loca...}, fedcm:accounts: true, goog:chromeOptions: {debuggerAddress: localhost:58919}, networkConnectionEnabled: false, pageLoadStrategy: normal, platformName: windows, proxy: Proxy(), se:cdp: ws://localhost:58919/devtoo..., se:cdpVersion: 128.0.6613.138, setWindowRect: true, strictFileInteractability: false, timeouts: {implicit: 0, pageLoad: 300000, script: 30000}, unhandledPromptBehavior: dismiss and notify, webauthn:extension:credBlob: true, webauthn:extension:largeBlob: true, webauthn:extension:minPinLength: true, webauthn:extension:prf: true, webauthn:virtualAuthenticators: true}
Element: [[ChromeDriver: chrome on windows (0d56ad0f7433427c5c3292308fdca8ce)] -> xpath: //li[@class='_3D0G9a']]
Session ID: 0d56ad0f7433427c5c3292308fdca8ce]]>
            </message>
            <full-stacktrace>
              <![CDATA[org.openqa.selenium.ElementClickInterceptedException: element click intercepted: Element <li class="_3D0G9a">...</li> is not clickable at point (472, 329). Other element would receive the click: <a href="/furniture-india-ka-furniture-livingroom-store?fm=neo%2Fmerchandising&amp;iid=M_d25b8a08-58f5-4c6e-a4b7-28725d911e11_1_372UD5BXDFYS_MC.4MQHUMDYWFBZ&amp;otracker=hp_rich_navigation_3_1.navigationCard.RICH_NAVIGATION_Home%2B%26%2BFurniture~Living%2BRoom%2BFurniture_4MQHUMDYWFBZ&amp;otracker1=hp_rich_navigation_PINNED_neo%2Fmerchandising_NA_NAV_EXPANDABLE_navigationCard_cc_3_L1_view-all&amp;cid=4MQHUMDYWFBZ" class="_1BJVlg">...</a>
  (Session info: chrome=128.0.6613.138)
Build info: version: '4.24.0', revision: '748ffc9bc3'
System info: os.name: 'Windows 11', os.arch: 'amd64', os.version: '10.0', java.version: '21.0.4'
Driver info: org.openqa.selenium.chrome.ChromeDriver
Command: [0d56ad0f7433427c5c3292308fdca8ce, clickElement {id=f.13E6C2C5DC8C067B650C515C5935990F.d.E01A75878B3D803EC1B6F49C8E480821.e.160}]
Capabilities {acceptInsecureCerts: false, browserName: chrome, browserVersion: 128.0.6613.138, chrome: {chromedriverVersion: 128.0.6613.137 (fe621c5aa2d..., userDataDir: C:\Users\tibud\AppData\Loca...}, fedcm:accounts: true, goog:chromeOptions: {debuggerAddress: localhost:58919}, networkConnectionEnabled: false, pageLoadStrategy: normal, platformName: windows, proxy: Proxy(), se:cdp: ws://localhost:58919/devtoo..., se:cdpVersion: 128.0.6613.138, setWindowRect: true, strictFileInteractability: false, timeouts: {implicit: 0, pageLoad: 300000, script: 30000}, unhandledPromptBehavior: dismiss and notify, webauthn:extension:credBlob: true, webauthn:extension:largeBlob: true, webauthn:extension:minPinLength: true, webauthn:extension:prf: true, webauthn:virtualAuthenticators: true}
Element: [[ChromeDriver: chrome on windows (0d56ad0f7433427c5c3292308fdca8ce)] -> xpath: //li[@class='_3D0G9a']]
Session ID: 0d56ad0f7433427c5c3292308fdca8ce
at java.base/jdk.internal.reflect.DirectConstructorHandleAccessor.newInstance(DirectConstructorHandleAccessor.java:62)
at java.base/java.lang.reflect.Constructor.newInstanceWithCaller(Constructor.java:502)
at java.base/java.lang.reflect.Constructor.newInstance(Constructor.java:486)
at org.openqa.selenium.remote.ErrorCodec.decode(ErrorCodec.java:167)
at org.openqa.selenium.remote.codec.w3c.W3CHttpResponseCodec.decode(W3CHttpResponseCodec.java:138)
at org.openqa.selenium.remote.codec.w3c.W3CHttpResponseCodec.decode(W3CHttpResponseCodec.java:50)
at org.openqa.selenium.remote.HttpCommandExecutor.execute(HttpCommandExecutor.java:190)
at org.openqa.selenium.remote.service.DriverCommandExecutor.invokeExecute(DriverCommandExecutor.java:216)
at org.openqa.selenium.remote.service.DriverCommandExecutor.execute(DriverCommandExecutor.java:174)
at org.openqa.selenium.remote.RemoteWebDriver.execute(RemoteWebDriver.java:545)
at org.openqa.selenium.remote.RemoteWebElement.execute(RemoteWebElement.java:223)
at org.openqa.selenium.remote.RemoteWebElement.click(RemoteWebElement.java:76)
at pageObjects.HomePage.autoSuggestionDropdown(HomePage.java:42)
at testCases.FitpeoTest.TestFotpeo(FitpeoTest.java:19)
at java.base/jdk.internal.reflect.DirectMethodHandleAccessor.invoke(DirectMethodHandleAccessor.java:103)
at java.base/java.lang.reflect.Method.invoke(Method.java:580)
at org.testng.internal.invokers.MethodInvocationHelper.invokeMethod(MethodInvocationHelper.java:141)
at org.testng.internal.invokers.TestInvoker.invokeMethod(TestInvoker.java:686)
at org.testng.internal.invokers.TestInvoker.invokeTestMethod(TestInvoker.java:230)
at org.testng.internal.invokers.MethodRunner.runInSequence(MethodRunner.java:63)
at org.testng.internal.invokers.TestInvoker$MethodInvocationAgent.invoke(TestInvoker.java:992)
at org.testng.internal.invokers.TestInvoker.invokeTestMethods(TestInvoker.java:203)
at org.testng.internal.invokers.TestMethodWorker.invokeTestMethods(TestMethodWorker.java:154)
at org.testng.internal.invokers.TestMethodWorker.run(TestMethodWorker.java:134)
at java.base/java.util.ArrayList.forEach(ArrayList.java:1596)
at org.testng.TestRunner.privateRun(TestRunner.java:739)
at org.testng.TestRunner.run(TestRunner.java:614)
at org.testng.SuiteRunner.runTest(SuiteRunner.java:421)
at org.testng.SuiteRunner.runSequentially(SuiteRunner.java:413)
at org.testng.SuiteRunner.privateRun(SuiteRunner.java:373)
at org.testng.SuiteRunner.run(SuiteRunner.java:312)
at org.testng.SuiteRunnerWorker.runSuite(SuiteRunnerWorker.java:52)
at org.testng.SuiteRunnerWorker.run(SuiteRunnerWorker.java:95)
at org.testng.TestNG.runSuitesSequentially(TestNG.java:1274)
at org.testng.TestNG.runSuitesLocally(TestNG.java:1208)
at org.testng.TestNG.runSuites(TestNG.java:1112)
at org.testng.TestNG.run(TestNG.java:1079)
at org.testng.remote.AbstractRemoteTestNG.run(AbstractRemoteTestNG.java:115)
at org.testng.remote.RemoteTestNG.initAndRun(RemoteTestNG.java:293)
at org.testng.remote.RemoteTestNG.main(RemoteTestNG.java:91)
]]>
            </full-stacktrace>
          </exception> <!-- org.openqa.selenium.ElementClickInterceptedException -->
          <reporter-output>
          </reporter-output>
        </test-method> <!-- TestFotpeo -->
        <test-method is-config="true" signature="tearDown()[pri:0, instance:testCases.FitpeoTest@27d4a09]" started-at="2024-09-20T17:17:44 IST" name="tearDown" finished-at="2024-09-20T17:17:44 IST" duration-ms="1" status="PASS">
          <reporter-output>
          </reporter-output>
        </test-method> <!-- tearDown -->
      </class> <!-- testCases.FitpeoTest -->
    </test> <!-- Test -->
  </suite> <!-- Suite -->
</testng-results>
